#
# A fatal error has been detected by the Java Runtime Environment:
#
#  EXCEPTION_ACCESS_VIOLATION (0xc0000005) at pc=0x000000006dabfda1, pid=2220, tid=5376
#
# JRE version: 6.0_22-b04
# Java VM: Java HotSpot(TM) 64-Bit Server VM (17.1-b03 mixed mode windows-amd64 )
# Problematic frame:
# V  [jvm.dll+0x22fda1]
#
# If you would like to submit a bug report, please visit:
#   http://java.sun.com/webapps/bugreport/crash.jsp
#

---------------  T H R E A D  ---------------

Current thread (0x00000000498bf000):  JavaThread "Java2D Disposer" daemon [_thread_in_vm, id=5376, stack(0x000000004a560000,0x000000004a660000)]

siginfo: ExceptionCode=0xc0000005, reading address 0x0000000000000011

Registers:
EAX=0x000000004a65f2f8, EBX=0x000000004980f378, ECX=0x0000000000000000, EDX=0x00000000498bf000
ESP=0x000000004a65f250, EBP=0x0000000000000000, ESI=0x0000000049846ac0, EDI=0x000000004a65f4d0
EIP=0x000000006dabfda1, EFLAGS=0x0000000000010203

Top of Stack: (sp=0x000000004a65f250)
0x000000004a65f250:   000000004980f718 000000004a65f8f0
0x000000004a65f260:   000000004a65f200 000000006db98023
0x000000004a65f270:   0000000000000000 0000000000000000
0x000000004a65f280:   0000000049846ac0 000000004980e760
0x000000004a65f290:   000000004980e770 000000004980eb48
0x000000004a65f2a0:   00000000498bf000 0000000049846af0
0x000000004a65f2b0:   000000004980f330 000000006dbb1381
0x000000004a65f2c0:   000000004980f718 000000006dcbd3b5
0x000000004a65f2d0:   000000004980f368 000000004a65f4d0
0x000000004a65f2e0:   00000000498bf1c8 000000006db98023
0x000000004a65f2f0:   0000000000000000 000000004980f370
0x000000004a65f300:   000000004980f3a0 0000000034001ea8
0x000000004a65f310:   00000000061f3898 000000006dbb1381
0x000000004a65f320:   0000000034001ea8 000000006dab7d6e
0x000000004a65f330:   000000004980f368 00000000498bf000
0x000000004a65f340:   000000004980f368 000000006db98023 

Instructions: (pc=0x000000006dabfda1)
0x000000006dabfd91:   00 00 4c 89 2c c8 ff 84 24 98 01 00 00 4c 8b 03
0x000000006dabfda1:   49 8b 40 10 4d 8b 40 18 0f b7 48 42 4d 8b 44 c8 


Stack: [0x000000004a560000,0x000000004a660000],  sp=0x000000004a65f250,  free space=3fc0000000000000000k
Native frames: (J=compiled Java code, j=interpreted, Vv=VM code, C=native code)
V  [jvm.dll+0x22fda1]

[error occurred during error reporting (printing native stack), id 0xc0000005]

Java frames: (J=compiled Java code, j=interpreted, Vv=VM code)
j  java.awt.Cursor.finalizeImpl(J)V+0
j  java.awt.Cursor.access$000(J)V+1
j  java.awt.Cursor$CursorDisposer.dispose()V+13
j  sun.java2d.Disposer.run()V+26
j  java.lang.Thread.run()V+11
v  ~StubRoutines::call_stub

---------------  P R O C E S S  ---------------

Java Threads: ( => current thread )
  0x000000004ec8a800 JavaThread "TimerQueue" daemon [_thread_blocked, id=7228, stack(0x0000000050ab0000,0x0000000050bb0000)]
  0x00000000498db000 JavaThread "org.netbeans.modules.debugger.jpda.visual AWT Access Loop" daemon [_thread_blocked, id=7796, stack(0x000000004a960000,0x000000004aa60000)]
  0x00000000004dd000 JavaThread "DestroyJavaVM" [_thread_blocked, id=8040, stack(0x00000000026c0000,0x00000000027c0000)]
  0x00000000498c6000 JavaThread "AWT-EventQueue-0" [_thread_in_native, id=7376, stack(0x000000004a860000,0x000000004a960000)]
  0x00000000498bf800 JavaThread "AWT-Shutdown" [_thread_blocked, id=7484, stack(0x000000004a660000,0x000000004a760000)]
=>0x00000000498bf000 JavaThread "Java2D Disposer" daemon [_thread_in_vm, id=5376, stack(0x000000004a560000,0x000000004a660000)]
  0x000000004980d000 JavaThread "Low Memory Detector" daemon [_thread_blocked, id=2932, stack(0x000000004a080000,0x000000004a180000)]
  0x0000000049807000 JavaThread "CompilerThread1" daemon [_thread_blocked, id=6632, stack(0x0000000049f80000,0x000000004a080000)]
  0x0000000049802800 JavaThread "CompilerThread0" daemon [_thread_blocked, id=7696, stack(0x0000000049e80000,0x0000000049f80000)]
  0x00000000497e9800 JavaThread "JDWP Event Helper Thread" daemon [_thread_blocked, id=3784, stack(0x0000000049c80000,0x0000000049d80000)]
  0x00000000497d2800 JavaThread "Attach Listener" daemon [_thread_blocked, id=7660, stack(0x0000000049a80000,0x0000000049b80000)]
  0x00000000497cd000 JavaThread "Signal Dispatcher" daemon [_thread_blocked, id=7856, stack(0x0000000049980000,0x0000000049a80000)]
  0x00000000005da000 JavaThread "Finalizer" daemon [_thread_blocked, id=7036, stack(0x0000000049680000,0x0000000049780000)]
  0x00000000005d3000 JavaThread "Reference Handler" daemon [_thread_blocked, id=7956, stack(0x0000000049580000,0x0000000049680000)]

Other Threads:
  0x00000000005ce000 VMThread [stack: 0x0000000049480000,0x0000000049580000] [id=6700]

VM state:not at safepoint (normal execution)

VM Mutex/Monitor currently owned by a thread: None

Heap
 PSYoungGen      total 18432K, used 4007K [0x0000000033e70000, 0x0000000035300000, 0x00000000487c0000)
  eden space 15808K, 11% used [0x0000000033e70000,0x0000000034023a68,0x0000000034de0000)
  from space 2624K, 86% used [0x0000000034de0000,0x00000000350164f0,0x0000000035070000)
  to   space 2624K, 0% used [0x0000000035070000,0x0000000035070000,0x0000000035300000)
 PSOldGen        total 42176K, used 0K [0x000000000abc0000, 0x000000000d4f0000, 0x0000000033e70000)
  object space 42176K, 0% used [0x000000000abc0000,0x000000000abc0000,0x000000000d4f0000)
 PSPermGen       total 21248K, used 16981K [0x00000000057c0000, 0x0000000006c80000, 0x000000000abc0000)
  object space 21248K, 79% used [0x00000000057c0000,0x0000000006855658,0x0000000006c80000)

Dynamic libraries:
0x0000000000400000 - 0x000000000042e000 	C:\Program Files\Java\jdk1.6.0_22\bin\java.exe
0x0000000076da0000 - 0x0000000076f49000 	C:\Windows\SYSTEM32\ntdll.dll
0x0000000076920000 - 0x0000000076a3f000 	C:\Windows\system32\kernel32.dll
0x000007fefd4c0000 - 0x000007fefd52c000 	C:\Windows\system32\KERNELBASE.dll
0x000007fefe240000 - 0x000007fefe31b000 	C:\Windows\system32\ADVAPI32.dll
0x000007fefde10000 - 0x000007fefdeaf000 	C:\Windows\system32\msvcrt.dll
0x000007fefdf20000 - 0x000007fefdf3f000 	C:\Windows\SYSTEM32\sechost.dll
0x000007fefd9c0000 - 0x000007fefdaed000 	C:\Windows\system32\RPCRT4.dll
0x000007fefd090000 - 0x000007fefd0e7000 	C:\Windows\system32\apphelp.dll
0x000007fee9f10000 - 0x000007fee9f61000 	C:\Windows\AppPatch\AppPatch64\AcGenral.DLL
0x000007fefd050000 - 0x000007fefd075000 	C:\Windows\system32\SspiCli.dll
0x000007fefdf40000 - 0x000007fefdfb1000 	C:\Windows\system32\SHLWAPI.dll
0x000007fefdeb0000 - 0x000007fefdf17000 	C:\Windows\system32\GDI32.dll
0x0000000076820000 - 0x000000007691a000 	C:\Windows\system32\USER32.dll
0x000007fefe230000 - 0x000007fefe23e000 	C:\Windows\system32\LPK.dll
0x000007fefe160000 - 0x000007fefe229000 	C:\Windows\system32\USP10.dll
0x000007fefd7b0000 - 0x000007fefd9b3000 	C:\Windows\system32\ole32.dll
0x000007fefe320000 - 0x000007feff0a8000 	C:\Windows\system32\SHELL32.dll
0x0000000072dd0000 - 0x0000000072dd3000 	C:\Windows\system32\sfc.dll
0x000007fef1f70000 - 0x000007fef1f80000 	C:\Windows\system32\sfc_os.DLL
0x000007fefc500000 - 0x000007fefc51e000 	C:\Windows\system32\USERENV.dll
0x000007fefd200000 - 0x000007fefd20f000 	C:\Windows\system32\profapi.dll
0x000007fefb0a0000 - 0x000007fefb0b8000 	C:\Windows\system32\dwmapi.dll
0x000007fef97e0000 - 0x000007fef97f8000 	C:\Windows\system32\MPR.dll
0x000007fefdbe0000 - 0x000007fefdc0e000 	C:\Windows\system32\IMM32.DLL
0x000007fefdcb0000 - 0x000007fefddb9000 	C:\Windows\system32\MSCTF.dll
0x000000006d890000 - 0x000000006df61000 	C:\Program Files\Java\jdk1.6.0_22\jre\bin\server\jvm.dll
0x000007fefb050000 - 0x000007fefb08b000 	C:\Windows\system32\WINMM.dll
0x000000006d800000 - 0x000000006d80e000 	C:\Program Files\Java\jdk1.6.0_22\jre\bin\verify.dll
0x000000006d450000 - 0x000000006d477000 	C:\Program Files\Java\jdk1.6.0_22\jre\bin\java.dll
0x000000006d3b0000 - 0x000000006d3ba000 	C:\Program Files\Java\jdk1.6.0_22\jre\bin\hpi.dll
0x0000000076f70000 - 0x0000000076f77000 	C:\Windows\system32\PSAPI.DLL
0x000000006d4c0000 - 0x000000006d4f4000 	C:\Program Files\Java\jdk1.6.0_22\jre\bin\jdwp.dll
0x000000006d6d0000 - 0x000000006d6d8000 	C:\Program Files\Java\jdk1.6.0_22\jre\bin\npt.dll
0x000000006d850000 - 0x000000006d862000 	C:\Program Files\Java\jdk1.6.0_22\jre\bin\zip.dll
0x000000006d300000 - 0x000000006d30a000 	C:\Program Files\Java\jdk1.6.0_22\jre\bin\dt_shmem.dll
0x000000006d0a0000 - 0x000000006d263000 	C:\Program Files\Java\jdk1.6.0_22\jre\bin\awt.dll
0x000007fef95a0000 - 0x000007fef9611000 	C:\Windows\system32\WINSPOOL.DRV
0x000007fefbbc0000 - 0x000007fefbdb4000 	C:\Windows\WinSxS\amd64_microsoft.windows.common-controls_6595b64144ccf1df_6.0.7601.17514_none_fa396087175ac9ac\COMCTL32.dll
0x000007fefb810000 - 0x000007fefb866000 	C:\Windows\system32\uxtheme.dll
0x000007fefd0f0000 - 0x000007fefd0ff000 	C:\Windows\system32\CRYPTBASE.dll
0x000000006d340000 - 0x000000006d3a6000 	C:\Program Files\Java\jdk1.6.0_22\jre\bin\fontmanager.dll
0x000007fefaa10000 - 0x000007fefaa1b000 	C:\Windows\system32\atiu9p64.dll
0x00000000602b0000 - 0x000000006074f000 	C:\Windows\system32\atiumd64.dll
0x0000000063490000 - 0x000000006373c000 	C:\Windows\system32\atiumd6a.dll
0x000007fefdb00000 - 0x000007fefdbd7000 	C:\Windows\system32\OLEAUT32.dll
0x000000006d6a0000 - 0x000000006d6b7000 	C:\Program Files\Java\jdk1.6.0_22\jre\bin\net.dll
0x000007fefddc0000 - 0x000007fefde0d000 	C:\Windows\system32\WS2_32.dll
0x000007fefdaf0000 - 0x000007fefdaf8000 	C:\Windows\system32\NSI.dll
0x000007fefca30000 - 0x000007fefca85000 	C:\Windows\system32\mswsock.dll
0x000007fefca20000 - 0x000007fefca27000 	C:\Windows\System32\wship6.dll
0x000000006d6c0000 - 0x000000006d6cb000 	C:\Program Files\Java\jdk1.6.0_22\jre\bin\nio.dll
0x000007fefdfe0000 - 0x000007fefe079000 	C:\Windows\system32\CLBCatQ.DLL
0x000007fefba10000 - 0x000007fefbb3c000 	C:\Windows\system32\propsys.dll
0x000007fefb4f0000 - 0x000007fefb51d000 	C:\Windows\system32\ntmarta.dll
0x000007fefe100000 - 0x000007fefe152000 	C:\Windows\system32\WLDAP32.dll
0x000007fefd5d0000 - 0x000007fefd7a7000 	C:\Windows\system32\SETUPAPI.dll
0x000007fefd570000 - 0x000007fefd5a6000 	C:\Windows\system32\CFGMGR32.dll
0x000007fefd5b0000 - 0x000007fefd5ca000 	C:\Windows\system32\DEVOBJ.dll
0x000007fefb030000 - 0x000007fefb03b000 	C:\Windows\system32\slc.dll
0x000007fef73a0000 - 0x000007fef73aa000 	C:\Windows\System32\drprov.dll
0x000007fefd1a0000 - 0x000007fefd1dd000 	C:\Windows\System32\WINSTA.dll
0x000007fef2280000 - 0x000007fef22a2000 	C:\Windows\System32\ntlanman.dll
0x000007fef7380000 - 0x000007fef739c000 	C:\Windows\System32\davclnt.dll
0x000007fef2150000 - 0x000007fef215a000 	C:\Windows\System32\DAVHLPR.dll
0x000007fefa3b0000 - 0x000007fefa3c5000 	C:\Windows\system32\wkscli.dll
0x000007fef9a20000 - 0x000007fef9a2f000 	C:\Windows\system32\cscapi.dll
0x000007fefa3d0000 - 0x000007fefa3dc000 	C:\Windows\system32\netutils.dll
0x000007fefd530000 - 0x000007fefd56a000 	C:\Windows\system32\WINTRUST.dll
0x000007fefd2b0000 - 0x000007fefd417000 	C:\Windows\system32\CRYPT32.dll
0x000007fefd2a0000 - 0x000007fefd2af000 	C:\Windows\system32\MSASN1.dll
0x000007fef74c0000 - 0x000007fef74cc000 	C:\Windows\system32\LINKINFO.dll
0x000000006d2b0000 - 0x000000006d2d8000 	C:\Program Files\Java\jdk1.6.0_22\jre\bin\dcpr.dll

VM Arguments:
jvm_args: -Xdebug -Xrunjdwp:transport=dt_shmem,address=javadebug -Dfile.encoding=UTF-8 
java_command: main.Main
Launcher Type: SUN_STANDARD

Environment Variables:
CLASSPATH=.;C:\Program Files (x86)\Java\jre6\lib\ext\QTJava.zip
PATH=C:\Program Files\Common Files\Microsoft Shared\Windows Live;C:\Program Files (x86)\Common Files\Microsoft Shared\Windows Live;C:\Program Files (x86)\MiKTeX 2.9\miktex\bin;C:\Windows\system32;C:\Windows;C:\Windows\System32\Wbem;C:\Windows\System32\WindowsPowerShell\v1.0\;C:\Program Files (x86)\Windows Live\Shared;C:\Program Files (x86)\ATI Technologies\ATI.ACE\Core-Static;C:\Program Files (x86)\Microsoft SQL Server\100\Tools\Binn\;C:\Program Files\Microsoft SQL Server\100\Tools\Binn\;C:\Program Files\Microsoft SQL Server\100\DTS\Binn\;C:\Program Files (x86)\Microsoft SQL Server\100\Tools\Binn\VSShell\Common7\IDE\;C:\Program Files (x86)\Microsoft SQL Server\100\DTS\Binn\;C:\Program Files (x86)\Liquid Technologies\Liquid XML Studio 2010\XmlDataBinder8\Redist8\cpp\win32\bin;C:\Program Files (x86)\Common Files\Autodesk Shared\;C:\Program Files\Common Files\Autodesk Shared\;C:\Program Files\TortoiseHg\;C:\Program Files\SlikSvn\bin\;C:\Program Files (x86)\QuickTime\QTSystem\;C:\Program Files\TortoiseSVN\bin;C:\Program Files (x86)\Microsoft Visual Studio 9.0\Common7\IDE\PrivateAssemblies\;E:\MatLab\runtime\win64;E:\MatLab\bin;;c:\Program Files\Saxonica\SaxonHE9.3N\bin;C:\Python27;C:\Python27\Scripts
USERNAME=Lukasz
OS=Windows_NT
PROCESSOR_IDENTIFIER=Intel64 Family 6 Model 37 Stepping 5, GenuineIntel



---------------  S Y S T E M  ---------------

OS: Windows 7 Build 7601 Service Pack 1

CPU:total 4 (8 cores per cpu, 2 threads per core) family 6 model 37 stepping 5, cmov, cx8, fxsr, mmx, sse, sse2, sse3, ssse3, sse4.1, sse4.2, popcnt, ht

Memory: 4k page, physical 4044900k(1036948k free), swap 8087952k(3428668k free)

vm_info: Java HotSpot(TM) 64-Bit Server VM (17.1-b03) for windows-amd64 JRE (1.6.0_22-b04), built on Sep 15 2010 00:45:56 by "java_re" with MS VC++ 8.0 (VS2005)

time: Tue Mar 13 13:22:15 2012
elapsed time: 25 seconds

