#
# A fatal error has been detected by the Java Runtime Environment:
#
#  EXCEPTION_ACCESS_VIOLATION (0xc0000005) at pc=0x000000000274fda1, pid=8100, tid=7528
#
# JRE version: 6.0_22-b04
# Java VM: Java HotSpot(TM) 64-Bit Server VM (17.1-b03 mixed mode windows-amd64 )
# Problematic frame:
# V  [jvm.dll+0x22fda1]
#
# If you would like to submit a bug report, please visit:
#   http://java.sun.com/webapps/bugreport/crash.jsp
#

---------------  T H R E A D  ---------------

Current thread (0x0000000049f69800):  JavaThread "Java2D Disposer" daemon [_thread_in_vm, id=7528, stack(0x000000004ac60000,0x000000004ad60000)]

siginfo: ExceptionCode=0xc0000005, reading address 0x0000000000000011

Registers:
EAX=0x000000004ad5f478, EBX=0x0000000049dd4a28, ECX=0x0000000000000000, EDX=0x0000000049f69800
ESP=0x000000004ad5f3d0, EBP=0x0000000000000000, ESI=0x0000000049e4fbd0, EDI=0x000000004ad5f650
EIP=0x000000000274fda1, EFLAGS=0x0000000000010203

Top of Stack: (sp=0x000000004ad5f3d0)
0x000000004ad5f3d0:   0000000049f69800 000000000296a3f8
0x000000004ad5f3e0:   0000000000000000 000000000274fa1a
0x000000004ad5f3f0:   000000003448eb38 0000000049dd4a20
0x000000004ad5f400:   0000000049e4fbd0 0000000049dd2e50
0x000000004ad5f410:   0000000049dd2e60 0000000049dd3238
0x000000004ad5f420:   0000000049dd2e60 0000000049dd3238
0x000000004ad5f430:   0000000002a7bd60 0000000049dd4a28
0x000000004ad5f440:   0000000000000021 000000000000000c
0x000000004ad5f450:   0000000000000000 000000004ad5f650
0x000000004ad5f460:   0000000049f699c8 0000000049f699c8
0x000000004ad5f470:   0000000049f69800 0000000049dd4a20
0x000000004ad5f480:   000000004ed70a50 000000000000034c
0x000000004ad5f490:   000000004ad5f528 00000000026960f1
0x000000004ad5f4a0:   000000003e5dc994 0000000000000000
0x000000004ad5f4b0:   000000004ad5f528 0000000049dd4a18
0x000000004ad5f4c0:   000000000074a900 000000000273531a 

Instructions: (pc=0x000000000274fda1)
0x000000000274fd91:   00 00 4c 89 2c c8 ff 84 24 98 01 00 00 4c 8b 03
0x000000000274fda1:   49 8b 40 10 4d 8b 40 18 0f b7 48 42 4d 8b 44 c8 


Stack: [0x000000004ac60000,0x000000004ad60000],  sp=0x000000004ad5f3d0,  free space=3fc0000000000000000k
Native frames: (J=compiled Java code, j=interpreted, Vv=VM code, C=native code)
V  [jvm.dll+0x22fda1]

[error occurred during error reporting (printing native stack), id 0xc0000005]

Java frames: (J=compiled Java code, j=interpreted, Vv=VM code)
j  java.awt.Cursor.finalizeImpl(J)V+0
j  java.awt.Cursor.access$000(J)V+1
j  java.awt.Cursor$CursorDisposer.dispose()V+13
j  sun.java2d.Disposer.run()V+26
j  java.lang.Thread.run()V+11
v  ~StubRoutines::call_stub

---------------  P R O C E S S  ---------------

Java Threads: ( => current thread )
  0x000000004a93b000 JavaThread "TimerQueue" daemon [_thread_blocked, id=7040, stack(0x0000000051890000,0x0000000051990000)]
  0x000000000074d000 JavaThread "DestroyJavaVM" [_thread_blocked, id=6220, stack(0x0000000002c00000,0x0000000002d00000)]
  0x0000000049f7b800 JavaThread "AWT-EventQueue-0" [_thread_blocked, id=1044, stack(0x000000004af60000,0x000000004b060000)]
  0x0000000049f7a000 JavaThread "AWT-Shutdown" [_thread_blocked, id=7688, stack(0x000000004ad60000,0x000000004ae60000)]
=>0x0000000049f69800 JavaThread "Java2D Disposer" daemon [_thread_in_vm, id=7528, stack(0x000000004ac60000,0x000000004ad60000)]
  0x0000000049df6800 JavaThread "Low Memory Detector" daemon [_thread_blocked, id=3296, stack(0x000000004a380000,0x000000004a480000)]
  0x0000000049df6000 JavaThread "CompilerThread1" daemon [_thread_blocked, id=7400, stack(0x000000004a280000,0x000000004a380000)]
  0x0000000049ddb000 JavaThread "CompilerThread0" daemon [_thread_blocked, id=7596, stack(0x000000004a180000,0x000000004a280000)]
  0x0000000049dd8000 JavaThread "Attach Listener" daemon [_thread_blocked, id=4376, stack(0x000000004a080000,0x000000004a180000)]
  0x0000000049dd0800 JavaThread "Signal Dispatcher" daemon [_thread_blocked, id=2888, stack(0x0000000049f80000,0x000000004a080000)]
  0x00000000002d6000 JavaThread "Finalizer" daemon [_thread_blocked, id=4732, stack(0x0000000049c80000,0x0000000049d80000)]
  0x00000000002d4000 JavaThread "Reference Handler" daemon [_thread_blocked, id=7788, stack(0x0000000049b80000,0x0000000049c80000)]

Other Threads:
  0x00000000002ce000 VMThread [stack: 0x0000000049a80000,0x0000000049b80000] [id=6548]

VM state:synchronizing (normal execution)

VM Mutex/Monitor currently owned by a thread:  ([mutex/lock_event])
[0x000000000074ae80] Threads_lock - owner thread: 0x00000000002ce000

Heap
 PSYoungGen      total 16192K, used 803K [0x0000000034470000, 0x0000000035650000, 0x0000000048dc0000)
  eden space 15104K, 1% used [0x0000000034470000,0x00000000344ba988,0x0000000035330000)
  from space 1088K, 46% used [0x0000000035540000,0x00000000355be398,0x0000000035650000)
  to   space 1600K, 0% used [0x0000000035330000,0x0000000035330000,0x00000000354c0000)
 PSOldGen        total 90688K, used 69984K [0x000000000b1c0000, 0x0000000010a50000, 0x0000000034470000)
  object space 90688K, 77% used [0x000000000b1c0000,0x000000000f618158,0x0000000010a50000)
 PSPermGen       total 29952K, used 16503K [0x0000000005dc0000, 0x0000000007b00000, 0x000000000b1c0000)
  object space 29952K, 55% used [0x0000000005dc0000,0x0000000006dddcd0,0x0000000007b00000)

Dynamic libraries:
0x0000000000400000 - 0x000000000042e000 	C:\Program Files\Java\jdk1.6.0_22\bin\java.exe
0x0000000077b10000 - 0x0000000077cb9000 	C:\Windows\SYSTEM32\ntdll.dll
0x0000000077740000 - 0x000000007785f000 	C:\Windows\system32\kernel32.dll
0x000007fefe060000 - 0x000007fefe0cc000 	C:\Windows\system32\KERNELBASE.dll
0x000007fefec30000 - 0x000007fefed0b000 	C:\Windows\system32\ADVAPI32.dll
0x000007fefe7f0000 - 0x000007fefe88f000 	C:\Windows\system32\msvcrt.dll
0x000007fefe7d0000 - 0x000007fefe7ef000 	C:\Windows\SYSTEM32\sechost.dll
0x000007fefedf0000 - 0x000007fefef1d000 	C:\Windows\system32\RPCRT4.dll
0x000007fefde00000 - 0x000007fefde57000 	C:\Windows\system32\apphelp.dll
0x000007feeb480000 - 0x000007feeb4d1000 	C:\Windows\AppPatch\AppPatch64\AcGenral.DLL
0x000007fefddc0000 - 0x000007fefdde5000 	C:\Windows\system32\SspiCli.dll
0x000007fefe3b0000 - 0x000007fefe421000 	C:\Windows\system32\SHLWAPI.dll
0x000007fefe340000 - 0x000007fefe3a7000 	C:\Windows\system32\GDI32.dll
0x0000000077640000 - 0x000000007773a000 	C:\Windows\system32\USER32.dll
0x000007feffdb0000 - 0x000007feffdbe000 	C:\Windows\system32\LPK.dll
0x000007fefe950000 - 0x000007fefea19000 	C:\Windows\system32\USP10.dll
0x000007fefea20000 - 0x000007fefec23000 	C:\Windows\system32\ole32.dll
0x000007fefef30000 - 0x000007feffcb8000 	C:\Windows\system32\SHELL32.dll
0x000000006da60000 - 0x000000006da63000 	C:\Windows\system32\sfc.dll
0x000007fefaf00000 - 0x000007fefaf10000 	C:\Windows\system32\sfc_os.DLL
0x000007fefd2d0000 - 0x000007fefd2ee000 	C:\Windows\system32\USERENV.dll
0x000007fefdf70000 - 0x000007fefdf7f000 	C:\Windows\system32\profapi.dll
0x000007fefbdf0000 - 0x000007fefbe08000 	C:\Windows\system32\dwmapi.dll
0x000007fef9ce0000 - 0x000007fef9cf8000 	C:\Windows\system32\MPR.dll
0x000007fefe7a0000 - 0x000007fefe7ce000 	C:\Windows\system32\IMM32.DLL
0x000007fefe690000 - 0x000007fefe799000 	C:\Windows\system32\MSCTF.dll
0x0000000002520000 - 0x0000000002bf1000 	C:\Program Files\Java\jdk1.6.0_22\jre\bin\server\jvm.dll
0x000007fefbbc0000 - 0x000007fefbbfb000 	C:\Windows\system32\WINMM.dll
0x000000006d800000 - 0x000000006d80e000 	C:\Program Files\Java\jdk1.6.0_22\jre\bin\verify.dll
0x000000006d450000 - 0x000000006d477000 	C:\Program Files\Java\jdk1.6.0_22\jre\bin\java.dll
0x000000006d3b0000 - 0x000000006d3ba000 	C:\Program Files\Java\jdk1.6.0_22\jre\bin\hpi.dll
0x0000000077ce0000 - 0x0000000077ce7000 	C:\Windows\system32\PSAPI.DLL
0x000000006d850000 - 0x000000006d862000 	C:\Program Files\Java\jdk1.6.0_22\jre\bin\zip.dll
0x000000006d0a0000 - 0x000000006d263000 	C:\Program Files\Java\jdk1.6.0_22\jre\bin\awt.dll
0x000007fef9ae0000 - 0x000007fef9b51000 	C:\Windows\system32\WINSPOOL.DRV
0x000007fefc930000 - 0x000007fefcb24000 	C:\Windows\WinSxS\amd64_microsoft.windows.common-controls_6595b64144ccf1df_6.0.7601.17514_none_fa396087175ac9ac\COMCTL32.dll
0x000007fefc580000 - 0x000007fefc5d6000 	C:\Windows\system32\uxtheme.dll
0x000007fefde60000 - 0x000007fefde6f000 	C:\Windows\system32\CRYPTBASE.dll
0x000000006d340000 - 0x000000006d3a6000 	C:\Program Files\Java\jdk1.6.0_22\jre\bin\fontmanager.dll
0x000007fefb9d0000 - 0x000007fefb9db000 	C:\Windows\system32\atiu9p64.dll
0x0000000064ee0000 - 0x000000006537f000 	C:\Windows\system32\atiumd64.dll
0x0000000064c30000 - 0x0000000064edc000 	C:\Windows\system32\atiumd6a.dll
0x000007fefed10000 - 0x000007fefede7000 	C:\Windows\system32\OLEAUT32.dll
0x000000006d6a0000 - 0x000000006d6b7000 	C:\Program Files\Java\jdk1.6.0_22\jre\bin\net.dll
0x000007feffd60000 - 0x000007feffdad000 	C:\Windows\system32\WS2_32.dll
0x000007fefef20000 - 0x000007fefef28000 	C:\Windows\system32\NSI.dll
0x000007fefd770000 - 0x000007fefd7c5000 	C:\Windows\system32\mswsock.dll
0x000007fefd9f0000 - 0x000007fefd9f7000 	C:\Windows\System32\wship6.dll
0x000000006d6c0000 - 0x000000006d6cb000 	C:\Program Files\Java\jdk1.6.0_22\jre\bin\nio.dll
0x000007feffcc0000 - 0x000007feffd59000 	C:\Windows\system32\CLBCatQ.DLL
0x000007fefc780000 - 0x000007fefc8ac000 	C:\Windows\system32\propsys.dll
0x000007fefe4b0000 - 0x000007fefe687000 	C:\Windows\system32\SETUPAPI.dll
0x000007fefe2e0000 - 0x000007fefe316000 	C:\Windows\system32\CFGMGR32.dll
0x000007fefe320000 - 0x000007fefe33a000 	C:\Windows\system32\DEVOBJ.dll
0x000007fefc200000 - 0x000007fefc22d000 	C:\Windows\system32\ntmarta.dll
0x000007feffdc0000 - 0x000007feffe12000 	C:\Windows\system32\WLDAP32.dll
0x000007fefba60000 - 0x000007fefba6b000 	C:\Windows\system32\slc.dll
0x000007fef81a0000 - 0x000007fef81aa000 	C:\Windows\System32\drprov.dll
0x000007fefde70000 - 0x000007fefdead000 	C:\Windows\System32\WINSTA.dll
0x000007feea0b0000 - 0x000007feea0d2000 	C:\Windows\System32\ntlanman.dll
0x000007fef2940000 - 0x000007fef295c000 	C:\Windows\System32\davclnt.dll
0x000007fef81b0000 - 0x000007fef81ba000 	C:\Windows\System32\DAVHLPR.dll
0x000007fefab90000 - 0x000007fefaba5000 	C:\Windows\system32\wkscli.dll
0x000007fef9d40000 - 0x000007fef9d4f000 	C:\Windows\system32\cscapi.dll
0x000007fefac90000 - 0x000007fefac9c000 	C:\Windows\system32\netutils.dll
0x000007fefe020000 - 0x000007fefe05a000 	C:\Windows\system32\WINTRUST.dll
0x000007fefe170000 - 0x000007fefe2d7000 	C:\Windows\system32\CRYPT32.dll
0x000007fefe010000 - 0x000007fefe01f000 	C:\Windows\system32\MSASN1.dll
0x000007fef81c0000 - 0x000007fef81cc000 	C:\Windows\system32\LINKINFO.dll
0x000000006d570000 - 0x000000006d5a5000 	C:\Program Files\Java\jdk1.6.0_22\jre\bin\jpeg.dll
0x000000006d2b0000 - 0x000000006d2d8000 	C:\Program Files\Java\jdk1.6.0_22\jre\bin\dcpr.dll

VM Arguments:
jvm_args: -Dfile.encoding=UTF-8 
java_command: main.Main
Launcher Type: SUN_STANDARD

Environment Variables:
CLASSPATH=.;C:\Program Files (x86)\Java\jre6\lib\ext\QTJava.zip
PATH=C:\Program Files\Common Files\Microsoft Shared\Windows Live;C:\Program Files (x86)\Common Files\Microsoft Shared\Windows Live;C:\Program Files (x86)\MiKTeX 2.9\miktex\bin;C:\Windows\system32;C:\Windows;C:\Windows\System32\Wbem;C:\Windows\System32\WindowsPowerShell\v1.0\;C:\Program Files (x86)\Windows Live\Shared;C:\Program Files (x86)\ATI Technologies\ATI.ACE\Core-Static;C:\Program Files (x86)\Microsoft SQL Server\100\Tools\Binn\;C:\Program Files\Microsoft SQL Server\100\Tools\Binn\;C:\Program Files\Microsoft SQL Server\100\DTS\Binn\;C:\Program Files (x86)\Microsoft SQL Server\100\Tools\Binn\VSShell\Common7\IDE\;C:\Program Files (x86)\Microsoft SQL Server\100\DTS\Binn\;C:\Program Files (x86)\Liquid Technologies\Liquid XML Studio 2010\XmlDataBinder8\Redist8\cpp\win32\bin;C:\Program Files (x86)\Common Files\Autodesk Shared\;C:\Program Files\Common Files\Autodesk Shared\;C:\Program Files\TortoiseHg\;C:\Program Files\SlikSvn\bin\;C:\Program Files (x86)\QuickTime\QTSystem\;C:\Program Files\TortoiseSVN\bin;C:\Program Files (x86)\Microsoft Visual Studio 9.0\Common7\IDE\PrivateAssemblies\;E:\MatLab\runtime\win64;E:\MatLab\bin;C:\Program Files\TortoiseGit\bin;;c:\Program Files\Saxonica\SaxonHE9.3N\bin;C:\Python27;C:\Python27\Scripts
USERNAME=Lukasz
OS=Windows_NT
PROCESSOR_IDENTIFIER=Intel64 Family 6 Model 37 Stepping 5, GenuineIntel



---------------  S Y S T E M  ---------------

OS: Windows 7 Build 7601 Service Pack 1

CPU:total 4 (8 cores per cpu, 2 threads per core) family 6 model 37 stepping 5, cmov, cx8, fxsr, mmx, sse, sse2, sse3, ssse3, sse4.1, sse4.2, popcnt, ht

Memory: 4k page, physical 4044900k(985940k free), swap 8087948k(3837480k free)

vm_info: Java HotSpot(TM) 64-Bit Server VM (17.1-b03) for windows-amd64 JRE (1.6.0_22-b04), built on Sep 15 2010 00:45:56 by "java_re" with MS VC++ 8.0 (VS2005)

time: Mon Mar 19 13:17:30 2012
elapsed time: 31 seconds

