#
# A fatal error has been detected by the Java Runtime Environment:
#
#  EXCEPTION_ACCESS_VIOLATION (0xc0000005) at pc=0x000000006dabfda1, pid=7144, tid=5432
#
# JRE version: 6.0_22-b04
# Java VM: Java HotSpot(TM) 64-Bit Server VM (17.1-b03 mixed mode windows-amd64 )
# Problematic frame:
# V  [jvm.dll+0x22fda1]
#
# If you would like to submit a bug report, please visit:
#   http://java.sun.com/webapps/bugreport/crash.jsp
#

---------------  T H R E A D  ---------------

Current thread (0x0000000049781000):  JavaThread "Java2D Disposer" daemon [_thread_in_vm, id=5432, stack(0x000000004a1d0000,0x000000004a2d0000)]

siginfo: ExceptionCode=0xc0000005, reading address 0x0000000000000011

Registers:
EAX=0x000000004a2cf278, EBX=0x00000000496d0be8, ECX=0x0000000000000000, EDX=0x0000000049781000
ESP=0x000000004a2cf1d0, EBP=0x0000000000000000, ESI=0x00000000496d6450, EDI=0x000000004a2cf450
EIP=0x000000006dabfda1, EFLAGS=0x0000000000010203

Top of Stack: (sp=0x000000004a2cf1d0)
0x000000004a2cf1d0:   0000000049781000 000000006dcda3f8
0x000000004a2cf1e0:   0000000000000000 000000006dabfa1a
0x000000004a2cf1f0:   0000000033da4c58 00000000496d0be0
0x000000004a2cf200:   00000000496d6450 00000000496cf010
0x000000004a2cf210:   00000000496cf020 00000000496cf3f8
0x000000004a2cf220:   00000000496cf020 00000000496cf3f8
0x000000004a2cf230:   000000006ddebd60 00000000496d0be8
0x000000004a2cf240:   0000000000000021 000000000000000c
0x000000004a2cf250:   0000000000000000 000000004a2cf450
0x000000004a2cf260:   00000000497811c8 00000000497811c8
0x000000004a2cf270:   0000000049781000 00000000496d0be0
0x000000004a2cf280:   000000004e296b90 00000000000001fe
0x000000004a2cf290:   000000004a2cf328 000000006da060f1
0x000000004a2cf2a0:   00000000700a4488 0000000000000000
0x000000004a2cf2b0:   000000004a2cf328 00000000496d0bd8
0x000000004a2cf2c0:   000000000054a280 000000006daa531a 

Instructions: (pc=0x000000006dabfda1)
0x000000006dabfd91:   00 00 4c 89 2c c8 ff 84 24 98 01 00 00 4c 8b 03
0x000000006dabfda1:   49 8b 40 10 4d 8b 40 18 0f b7 48 42 4d 8b 44 c8 


Stack: [0x000000004a1d0000,0x000000004a2d0000],  sp=0x000000004a2cf1d0,  free space=3fc0000000000000000k
Native frames: (J=compiled Java code, j=interpreted, Vv=VM code, C=native code)
V  [jvm.dll+0x22fda1]

[error occurred during error reporting (printing native stack), id 0xc0000005]

Java frames: (J=compiled Java code, j=interpreted, Vv=VM code)
j  java.awt.Cursor.finalizeImpl(J)V+0
j  java.awt.Cursor.access$000(J)V+1
j  java.awt.Cursor$CursorDisposer.dispose()V+13
j  sun.java2d.Disposer.run()V+26
j  java.lang.Thread.run()V+11
v  ~StubRoutines::call_stub

---------------  P R O C E S S  ---------------

Java Threads: ( => current thread )
  0x000000004e297800 JavaThread "TimerQueue" daemon [_thread_blocked, id=9068, stack(0x000000004eb20000,0x000000004ec20000)]
  0x000000000054c800 JavaThread "DestroyJavaVM" [_thread_blocked, id=4492, stack(0x0000000002500000,0x0000000002600000)]
  0x000000004978a000 JavaThread "AWT-EventQueue-0" [_thread_blocked, id=280, stack(0x000000004a4d0000,0x000000004a5d0000)]
  0x0000000049784000 JavaThread "AWT-Shutdown" [_thread_blocked, id=4016, stack(0x000000004a2d0000,0x000000004a3d0000)]
=>0x0000000049781000 JavaThread "Java2D Disposer" daemon [_thread_in_vm, id=5432, stack(0x000000004a1d0000,0x000000004a2d0000)]
  0x00000000496de000 JavaThread "Low Memory Detector" daemon [_thread_blocked, id=7132, stack(0x0000000049c80000,0x0000000049d80000)]
  0x00000000496dd000 JavaThread "CompilerThread1" daemon [_thread_blocked, id=7284, stack(0x0000000049b80000,0x0000000049c80000)]
  0x00000000496d5800 JavaThread "CompilerThread0" daemon [_thread_blocked, id=7692, stack(0x0000000049a80000,0x0000000049b80000)]
  0x00000000496d2000 JavaThread "Attach Listener" daemon [_thread_blocked, id=8880, stack(0x0000000049980000,0x0000000049a80000)]
  0x00000000496cd000 JavaThread "Signal Dispatcher" daemon [_thread_blocked, id=1696, stack(0x0000000049880000,0x0000000049980000)]
  0x0000000000524000 JavaThread "Finalizer" daemon [_thread_blocked, id=7608, stack(0x0000000049580000,0x0000000049680000)]
  0x0000000000522800 JavaThread "Reference Handler" daemon [_thread_blocked, id=5140, stack(0x0000000049480000,0x0000000049580000)]

Other Threads:
  0x000000000051d800 VMThread [stack: 0x0000000049380000,0x0000000049480000] [id=1632]

VM state:synchronizing (normal execution)

VM Mutex/Monitor currently owned by a thread:  ([mutex/lock_event])
[0x000000000054a800] Threads_lock - owner thread: 0x000000000051d800

Heap
 PSYoungGen      total 18432K, used 2457K [0x0000000033d70000, 0x0000000035200000, 0x00000000486c0000)
  eden space 15808K, 3% used [0x0000000033d70000,0x0000000033e05058,0x0000000034ce0000)
  from space 2624K, 70% used [0x0000000034f70000,0x00000000351414e8,0x0000000035200000)
  to   space 2624K, 0% used [0x0000000034ce0000,0x0000000034ce0000,0x0000000034f70000)
 PSOldGen        total 42176K, used 0K [0x000000000aac0000, 0x000000000d3f0000, 0x0000000033d70000)
  object space 42176K, 0% used [0x000000000aac0000,0x000000000aac0000,0x000000000d3f0000)
 PSPermGen       total 21248K, used 15887K [0x00000000056c0000, 0x0000000006b80000, 0x000000000aac0000)
  object space 21248K, 74% used [0x00000000056c0000,0x0000000006643ea8,0x0000000006b80000)

Dynamic libraries:
0x0000000000400000 - 0x000000000042e000 	C:\Program Files\Java\jdk1.6.0_22\bin\java.exe
0x0000000077300000 - 0x00000000774a9000 	C:\Windows\SYSTEM32\ntdll.dll
0x0000000076ed0000 - 0x0000000076fef000 	C:\Windows\system32\kernel32.dll
0x000007fefd810000 - 0x000007fefd87c000 	C:\Windows\system32\KERNELBASE.dll
0x000007fefdb30000 - 0x000007fefdc0b000 	C:\Windows\system32\ADVAPI32.dll
0x000007fefe200000 - 0x000007fefe29f000 	C:\Windows\system32\msvcrt.dll
0x000007fefdd40000 - 0x000007fefdd5f000 	C:\Windows\SYSTEM32\sechost.dll
0x000007fefe0d0000 - 0x000007fefe1fd000 	C:\Windows\system32\RPCRT4.dll
0x000007fefd5f0000 - 0x000007fefd647000 	C:\Windows\system32\apphelp.dll
0x000007fee9b90000 - 0x000007fee9be1000 	C:\Windows\AppPatch\AppPatch64\AcGenral.DLL
0x000007fefd5c0000 - 0x000007fefd5e5000 	C:\Windows\system32\SspiCli.dll
0x000007fefdcc0000 - 0x000007fefdd31000 	C:\Windows\system32\SHLWAPI.dll
0x000007fefe2a0000 - 0x000007fefe307000 	C:\Windows\system32\GDI32.dll
0x0000000077200000 - 0x00000000772fa000 	C:\Windows\system32\USER32.dll
0x000007fefdd60000 - 0x000007fefdd6e000 	C:\Windows\system32\LPK.dll
0x000007fefe000000 - 0x000007fefe0c9000 	C:\Windows\system32\USP10.dll
0x000007feff1d0000 - 0x000007feff3d3000 	C:\Windows\system32\ole32.dll
0x000007fefe310000 - 0x000007feff098000 	C:\Windows\system32\SHELL32.dll
0x000000006ce60000 - 0x000000006ce63000 	C:\Windows\system32\sfc.dll
0x000007fef1d00000 - 0x000007fef1d10000 	C:\Windows\system32\sfc_os.DLL
0x000007fefca60000 - 0x000007fefca7e000 	C:\Windows\system32\USERENV.dll
0x000007fefd760000 - 0x000007fefd76f000 	C:\Windows\system32\profapi.dll
0x000007fefb750000 - 0x000007fefb768000 	C:\Windows\system32\dwmapi.dll
0x000007fef8370000 - 0x000007fef8388000 	C:\Windows\system32\MPR.dll
0x000007fefdc90000 - 0x000007fefdcbe000 	C:\Windows\system32\IMM32.DLL
0x000007fefdd70000 - 0x000007fefde79000 	C:\Windows\system32\MSCTF.dll
0x000000006d890000 - 0x000000006df61000 	C:\Program Files\Java\jdk1.6.0_22\jre\bin\server\jvm.dll
0x000007fefb640000 - 0x000007fefb67b000 	C:\Windows\system32\WINMM.dll
0x000000006d800000 - 0x000000006d80e000 	C:\Program Files\Java\jdk1.6.0_22\jre\bin\verify.dll
0x000000006d450000 - 0x000000006d477000 	C:\Program Files\Java\jdk1.6.0_22\jre\bin\java.dll
0x000000006d3b0000 - 0x000000006d3ba000 	C:\Program Files\Java\jdk1.6.0_22\jre\bin\hpi.dll
0x00000000774d0000 - 0x00000000774d7000 	C:\Windows\system32\PSAPI.DLL
0x000000006d850000 - 0x000000006d862000 	C:\Program Files\Java\jdk1.6.0_22\jre\bin\zip.dll
0x000000006d0a0000 - 0x000000006d263000 	C:\Program Files\Java\jdk1.6.0_22\jre\bin\awt.dll
0x000007fef7f70000 - 0x000007fef7fe1000 	C:\Windows\system32\WINSPOOL.DRV
0x000007fefc120000 - 0x000007fefc314000 	C:\Windows\WinSxS\amd64_microsoft.windows.common-controls_6595b64144ccf1df_6.0.7601.17514_none_fa396087175ac9ac\COMCTL32.dll
0x000007fefbf10000 - 0x000007fefbf66000 	C:\Windows\system32\uxtheme.dll
0x000007fefd650000 - 0x000007fefd65f000 	C:\Windows\system32\CRYPTBASE.dll
0x000000006d340000 - 0x000000006d3a6000 	C:\Program Files\Java\jdk1.6.0_22\jre\bin\fontmanager.dll
0x000007fefb180000 - 0x000007fefb18b000 	C:\Windows\system32\atiu9p64.dll
0x000000005b960000 - 0x000000005bdff000 	C:\Windows\system32\atiumd64.dll
0x000000005a230000 - 0x000000005a4dc000 	C:\Windows\system32\atiumd6a.dll
0x000007fefdf20000 - 0x000007fefdff7000 	C:\Windows\system32\OLEAUT32.dll
0x000000006d6a0000 - 0x000000006d6b7000 	C:\Program Files\Java\jdk1.6.0_22\jre\bin\net.dll
0x000007feff3e0000 - 0x000007feff42d000 	C:\Windows\system32\WS2_32.dll
0x000007feff0a0000 - 0x000007feff0a8000 	C:\Windows\system32\NSI.dll
0x000007fefcf90000 - 0x000007fefcfe5000 	C:\Windows\system32\mswsock.dll
0x000007fefcf80000 - 0x000007fefcf87000 	C:\Windows\System32\wship6.dll
0x000000006d6c0000 - 0x000000006d6cb000 	C:\Program Files\Java\jdk1.6.0_22\jre\bin\nio.dll
0x000007fefde80000 - 0x000007fefdf19000 	C:\Windows\system32\CLBCatQ.DLL
0x000007feff430000 - 0x000007feff607000 	C:\Windows\system32\SETUPAPI.dll
0x000007fefd880000 - 0x000007fefd8b6000 	C:\Windows\system32\CFGMGR32.dll
0x000007fefda70000 - 0x000007fefda8a000 	C:\Windows\system32\DEVOBJ.dll
0x000007fefbfa0000 - 0x000007fefc0cc000 	C:\Windows\system32\propsys.dll
0x000007fefba50000 - 0x000007fefba7d000 	C:\Windows\system32\ntmarta.dll
0x000007feff0b0000 - 0x000007feff102000 	C:\Windows\system32\WLDAP32.dll
0x000007fefb5d0000 - 0x000007fefb5db000 	C:\Windows\system32\slc.dll
0x000007fef1f00000 - 0x000007fef1f0a000 	C:\Windows\System32\drprov.dll
0x000007fefd700000 - 0x000007fefd73d000 	C:\Windows\System32\WINSTA.dll
0x000007fee8c20000 - 0x000007fee8c42000 	C:\Windows\System32\ntlanman.dll
0x000007fee8c00000 - 0x000007fee8c1c000 	C:\Windows\System32\davclnt.dll
0x000007fee8cc0000 - 0x000007fee8cca000 	C:\Windows\System32\DAVHLPR.dll
0x000007fefa3a0000 - 0x000007fefa3b5000 	C:\Windows\system32\wkscli.dll
0x000007fef5740000 - 0x000007fef574f000 	C:\Windows\system32\cscapi.dll
0x000007fefa4a0000 - 0x000007fefa4ac000 	C:\Windows\system32\netutils.dll
0x000007fefd8c0000 - 0x000007fefd8fa000 	C:\Windows\system32\WINTRUST.dll
0x000007fefd900000 - 0x000007fefda67000 	C:\Windows\system32\CRYPT32.dll
0x000007fefd800000 - 0x000007fefd80f000 	C:\Windows\system32\MSASN1.dll
0x000007fef2600000 - 0x000007fef260c000 	C:\Windows\system32\LINKINFO.dll
0x000000006d2b0000 - 0x000000006d2d8000 	C:\Program Files\Java\jdk1.6.0_22\jre\bin\dcpr.dll

VM Arguments:
jvm_args: -Dfile.encoding=UTF-8 
java_command: main.Main
Launcher Type: SUN_STANDARD

Environment Variables:
CLASSPATH=.;C:\Program Files (x86)\Java\jre6\lib\ext\QTJava.zip
PATH=C:\Program Files\Common Files\Microsoft Shared\Windows Live;C:\Program Files (x86)\Common Files\Microsoft Shared\Windows Live;C:\Program Files (x86)\MiKTeX 2.9\miktex\bin;C:\Windows\system32;C:\Windows;C:\Windows\System32\Wbem;C:\Windows\System32\WindowsPowerShell\v1.0\;C:\Program Files (x86)\Windows Live\Shared;C:\Program Files (x86)\ATI Technologies\ATI.ACE\Core-Static;C:\Program Files (x86)\Microsoft SQL Server\100\Tools\Binn\;C:\Program Files\Microsoft SQL Server\100\Tools\Binn\;C:\Program Files\Microsoft SQL Server\100\DTS\Binn\;C:\Program Files (x86)\Microsoft SQL Server\100\Tools\Binn\VSShell\Common7\IDE\;C:\Program Files (x86)\Microsoft SQL Server\100\DTS\Binn\;C:\Program Files (x86)\Liquid Technologies\Liquid XML Studio 2010\XmlDataBinder8\Redist8\cpp\win32\bin;C:\Program Files (x86)\Common Files\Autodesk Shared\;C:\Program Files\Common Files\Autodesk Shared\;C:\Program Files\TortoiseHg\;C:\Program Files\SlikSvn\bin\;C:\Program Files (x86)\QuickTime\QTSystem\;C:\Program Files\TortoiseSVN\bin;C:\Program Files (x86)\Autodesk\Backburner\;C:\Program Files (x86)\Microsoft Visual Studio 9.0\Common7\IDE\PrivateAssemblies\;E:\MatLab\runtime\win64;E:\MatLab\bin;;c:\Program Files\Saxonica\SaxonHE9.3N\bin;C:\Python27;C:\Python27\Scripts
USERNAME=Lukasz
OS=Windows_NT
PROCESSOR_IDENTIFIER=Intel64 Family 6 Model 37 Stepping 5, GenuineIntel



---------------  S Y S T E M  ---------------

OS: Windows 7 Build 7601 Service Pack 1

CPU:total 4 (8 cores per cpu, 2 threads per core) family 6 model 37 stepping 5, cmov, cx8, fxsr, mmx, sse, sse2, sse3, ssse3, sse4.1, sse4.2, popcnt, ht

Memory: 4k page, physical 4044900k(972524k free), swap 8087952k(3081592k free)

vm_info: Java HotSpot(TM) 64-Bit Server VM (17.1-b03) for windows-amd64 JRE (1.6.0_22-b04), built on Sep 15 2010 00:45:56 by "java_re" with MS VC++ 8.0 (VS2005)

time: Tue Mar 13 00:01:36 2012
elapsed time: 92 seconds

